<?xml version="1.0" encoding="UTF-8"?>
<!-- Generated by org.testng.reporters.JUnitReportReporter -->
<testsuite skipped="0" hostname="wathsara" name="org.wso2.carbon.identity.jsonrpc.serializer.RequestDeserializerTest" tests="2" failures="0" timestamp="11 Oct 2019 11:09:25 GMT" time="0.012" errors="0">
  <testcase name="testSuccessSerialize" time="0.006" classname="org.wso2.carbon.identity.jsonrpc.serializer.RequestDeserializerTest"/>
  <testcase name="testDeserialize" time="0.006" classname="org.wso2.carbon.identity.jsonrpc.serializer.RequestDeserializerTest"/>
</testsuite> <!-- org.wso2.carbon.identity.jsonrpc.serializer.RequestDeserializerTest -->
